Thu 21 Jun 15:30:02 IST 2018
/bin/sh: 1: /home/pi/Oceannet/OTA.py: not found
Sun  6 Jan 05:23:01 IST 1980
fatal: Not a git repository (or any of the parent directories): .git
OTA Updation success
Sun  6 Jan 05:24:01 IST 1980
fatal: Not a git repository (or any of the parent directories): .git
OTA Updation success
Sun  6 Jan 05:25:01 IST 1980
fatal: Not a git repository (or any of the parent directories): .git
OTA Updation success
Sun  6 Jan 05:26:02 IST 1980
fatal: Not a git repository (or any of the parent directories): .git
OTA Updation success
Sun  6 Jan 05:27:01 IST 1980
fatal: Not a git repository (or any of the parent directories): .git
OTA Updation success
Sun  6 Jan 05:28:01 IST 1980
fatal: Not a git repository (or any of the parent directories): .git
OTA Updation success
Sun  6 Jan 05:29:01 IST 1980
fatal: Not a git repository (or any of the parent directories): .git
OTA Updation success
Sun  6 Jan 05:30:01 IST 1980
fatal: Not a git repository (or any of the parent directories): .git
OTA Updation success
Sun  6 Jan 05:31:01 IST 1980
fatal: Not a git repository (or any of the parent directories): .git
OTA Updation success
Sun  6 Jan 05:32:01 IST 1980
fatal: Not a git repository (or any of the parent directories): .git
OTA Updation success
Sun  6 Jan 05:33:01 IST 1980
fatal: Not a git repository (or any of the parent directories): .git
OTA Updation success
Sun  6 Jan 05:34:01 IST 1980
fatal: Not a git repository (or any of the parent directories): .git
OTA Updation success
Sun  6 Jan 05:35:01 IST 1980
fatal: Not a git repository (or any of the parent directories): .git
OTA Updation success
Sun  6 Jan 05:36:02 IST 1980
fatal: Not a git repository (or any of the parent directories): .git
OTA Updation success
Sun  6 Jan 05:37:01 IST 1980
fatal: Not a git repository (or any of the parent directories): .git
OTA Updation success
Sun  6 Jan 05:38:01 IST 1980
fatal: Not a git repository (or any of the parent directories): .git
OTA Updation success
Sun  6 Jan 05:39:01 IST 1980
fatal: Not a git repository (or any of the parent directories): .git
OTA Updation success
Sun  6 Jan 05:40:01 IST 1980
fatal: Not a git repository (or any of the parent directories): .git
OTA Updation success
Sun  6 Jan 05:41:01 IST 1980
fatal: Not a git repository (or any of the parent directories): .git
OTA Updation success
Sun  6 Jan 05:42:01 IST 1980
fatal: Not a git repository (or any of the parent directories): .git
OTA Updation success
Sun  6 Jan 05:43:01 IST 1980
fatal: Not a git repository (or any of the parent directories): .git
OTA Updation success
Sun  6 Jan 05:44:01 IST 1980
fatal: Not a git repository (or any of the parent directories): .git
OTA Updation success
Sun  6 Jan 05:45:01 IST 1980
fatal: Not a git repository (or any of the parent directories): .git
OTA Updation success
Sun  6 Jan 05:46:01 IST 1980
fatal: Not a git repository (or any of the parent directories): .git
OTA Updation success
Sun  6 Jan 05:47:01 IST 1980
fatal: Not a git repository (or any of the parent directories): .git
OTA Updation success
Sun  6 Jan 05:48:01 IST 1980
fatal: Not a git repository (or any of the parent directories): .git
OTA Updation success
Sun  6 Jan 05:49:01 IST 1980
fatal: Not a git repository (or any of the parent directories): .git
OTA Updation success
Sun  6 Jan 05:50:01 IST 1980
fatal: Not a git repository (or any of the parent directories): .git
OTA Updation success
Sun  6 Jan 05:51:01 IST 1980
fatal: Not a git repository (or any of the parent directories): .git
OTA Updation success
Sun  6 Jan 05:52:01 IST 1980
fatal: Not a git repository (or any of the parent directories): .git
OTA Updation success
Sun  6 Jan 05:53:01 IST 1980
fatal: Not a git repository (or any of the parent directories): .git
OTA Updation success
Sun  6 Jan 05:54:01 IST 1980
fatal: Not a git repository (or any of the parent directories): .git
OTA Updation success
Sun  6 Jan 05:55:01 IST 1980
fatal: Not a git repository (or any of the parent directories): .git
OTA Updation success
Sun  6 Jan 05:56:01 IST 1980
fatal: Not a git repository (or any of the parent directories): .git
OTA Updation success
Sun  6 Jan 05:57:01 IST 1980
fatal: Not a git repository (or any of the parent directories): .git
OTA Updation success
Sun  6 Jan 05:58:01 IST 1980
fatal: Not a git repository (or any of the parent directories): .git
OTA Updation success
Sun  6 Jan 05:59:01 IST 1980
fatal: Not a git repository (or any of the parent directories): .git
OTA Updation success
Sun  6 Jan 06:00:01 IST 1980
fatal: Not a git repository (or any of the parent directories): .git
OTA Updation success
Sun  6 Jan 06:01:01 IST 1980
fatal: Not a git repository (or any of the parent directories): .git
OTA Updation success
Sun  6 Jan 06:02:01 IST 1980
fatal: Not a git repository (or any of the parent directories): .git
OTA Updation success
Sun  6 Jan 06:03:01 IST 1980
fatal: Not a git repository (or any of the parent directories): .git
OTA Updation success
Sun  6 Jan 06:04:01 IST 1980
fatal: Not a git repository (or any of the parent directories): .git
OTA Updation success
Sun  6 Jan 06:05:01 IST 1980
fatal: Not a git repository (or any of the parent directories): .git
OTA Updation success
Sun  6 Jan 06:06:02 IST 1980
fatal: Not a git repository (or any of the parent directories): .git
OTA Updation success
Sun  6 Jan 06:07:01 IST 1980
fatal: Not a git repository (or any of the parent directories): .git
OTA Updation success
Sun  6 Jan 06:08:01 IST 1980
fatal: Not a git repository (or any of the parent directories): .git
OTA Updation success
Sun  6 Jan 06:09:01 IST 1980
fatal: Not a git repository (or any of the parent directories): .git
OTA Updation success
Sun  6 Jan 06:10:01 IST 1980
fatal: Not a git repository (or any of the parent directories): .git
OTA Updation success
Sun  6 Jan 06:11:02 IST 1980
fatal: Not a git repository (or any of the parent directories): .git
OTA Updation success
Sun  6 Jan 06:12:01 IST 1980
fatal: Not a git repository (or any of the parent directories): .git
OTA Updation success
Sun  6 Jan 06:13:01 IST 1980
fatal: Not a git repository (or any of the parent directories): .git
OTA Updation success
Sun  6 Jan 06:14:01 IST 1980
fatal: Not a git repository (or any of the parent directories): .git
OTA Updation success
Sun  6 Jan 06:15:01 IST 1980
fatal: Not a git repository (or any of the parent directories): .git
OTA Updation success
Sun  6 Jan 06:16:01 IST 1980
fatal: Not a git repository (or any of the parent directories): .git
OTA Updation success
Sun  6 Jan 06:17:01 IST 1980
fatal: Not a git repository (or any of the parent directories): .git
OTA Updation success
Sun  6 Jan 06:18:01 IST 1980
fatal: Not a git repository (or any of the parent directories): .git
OTA Updation success
Sun  6 Jan 06:19:01 IST 1980
fatal: Not a git repository (or any of the parent directories): .git
OTA Updation success
Sun  6 Jan 06:20:01 IST 1980
fatal: Not a git repository (or any of the parent directories): .git
OTA Updation success
Sun  6 Jan 06:21:02 IST 1980
fatal: Not a git repository (or any of the parent directories): .git
OTA Updation success
Sun  6 Jan 06:22:01 IST 1980
fatal: Not a git repository (or any of the parent directories): .git
OTA Updation success
Sun  6 Jan 06:23:01 IST 1980
fatal: Not a git repository (or any of the parent directories): .git
OTA Updation success
Sun  6 Jan 06:24:01 IST 1980
fatal: Not a git repository (or any of the parent directories): .git
OTA Updation success
Sun  6 Jan 06:25:01 IST 1980
fatal: Not a git repository (or any of the parent directories): .git
OTA Updation success
Sun  6 Jan 06:26:01 IST 1980
fatal: Not a git repository (or any of the parent directories): .git
OTA Updation success
Sun  6 Jan 06:27:01 IST 1980
fatal: Not a git repository (or any of the parent directories): .git
OTA Updation success
Sun  6 Jan 06:28:01 IST 1980
fatal: Not a git repository (or any of the parent directories): .git
OTA Updation success
Sun  6 Jan 06:29:01 IST 1980
fatal: Not a git repository (or any of the parent directories): .git
OTA Updation success
Sun  6 Jan 06:30:01 IST 1980
fatal: Not a git repository (or any of the parent directories): .git
OTA Updation success
Sun  6 Jan 06:31:01 IST 1980
fatal: Not a git repository (or any of the parent directories): .git
OTA Updation success
Sun  6 Jan 06:32:01 IST 1980
fatal: Not a git repository (or any of the parent directories): .git
OTA Updation success
Sun  6 Jan 06:33:01 IST 1980
fatal: Not a git repository (or any of the parent directories): .git
OTA Updation success
Sun  6 Jan 06:34:01 IST 1980
fatal: Not a git repository (or any of the parent directories): .git
OTA Updation success
Sun  6 Jan 06:35:01 IST 1980
fatal: Not a git repository (or any of the parent directories): .git
OTA Updation success
Sun  6 Jan 06:36:01 IST 1980
fatal: Not a git repository (or any of the parent directories): .git
OTA Updation success
Sun  6 Jan 06:37:01 IST 1980
fatal: Not a git repository (or any of the parent directories): .git
OTA Updation success
Sun  6 Jan 06:38:01 IST 1980
fatal: Not a git repository (or any of the parent directories): .git
OTA Updation success
Sun  6 Jan 06:39:01 IST 1980
fatal: Not a git repository (or any of the parent directories): .git
OTA Updation success
Sun  6 Jan 06:40:01 IST 1980
fatal: Not a git repository (or any of the parent directories): .git
OTA Updation success
Sun  6 Jan 06:41:01 IST 1980
fatal: Not a git repository (or any of the parent directories): .git
OTA Updation success
Sun  6 Jan 06:42:01 IST 1980
fatal: Not a git repository (or any of the parent directories): .git
OTA Updation success
Sun  6 Jan 06:43:01 IST 1980
fatal: Not a git repository (or any of the parent directories): .git
OTA Updation success
Sun  6 Jan 06:44:01 IST 1980
fatal: Not a git repository (or any of the parent directories): .git
OTA Updation success
Sun  6 Jan 06:45:01 IST 1980
fatal: Not a git repository (or any of the parent directories): .git
OTA Updation success
Sun  6 Jan 06:46:02 IST 1980
fatal: Not a git repository (or any of the parent directories): .git
OTA Updation success
Sun  6 Jan 06:47:01 IST 1980
fatal: Not a git repository (or any of the parent directories): .git
OTA Updation success
Sun  6 Jan 06:48:01 IST 1980
fatal: Not a git repository (or any of the parent directories): .git
OTA Updation success
Sun  6 Jan 06:49:01 IST 1980
fatal: Not a git repository (or any of the parent directories): .git
OTA Updation success
Sun  6 Jan 06:50:01 IST 1980
fatal: Not a git repository (or any of the parent directories): .git
OTA Updation success
Sun  6 Jan 06:51:02 IST 1980
fatal: Not a git repository (or any of the parent directories): .git
OTA Updation success
Sun  6 Jan 06:52:01 IST 1980
fatal: Not a git repository (or any of the parent directories): .git
OTA Updation success
Sun  6 Jan 06:53:01 IST 1980
fatal: Not a git repository (or any of the parent directories): .git
OTA Updation success
Sun  6 Jan 06:54:01 IST 1980
fatal: Not a git repository (or any of the parent directories): .git
OTA Updation success
Sun  6 Jan 06:55:01 IST 1980
fatal: Not a git repository (or any of the parent directories): .git
OTA Updation success
Sun  6 Jan 06:56:02 IST 1980
fatal: Not a git repository (or any of the parent directories): .git
OTA Updation success
Sun  6 Jan 06:57:01 IST 1980
fatal: Not a git repository (or any of the parent directories): .git
OTA Updation success
Sun  6 Jan 06:58:01 IST 1980
fatal: Not a git repository (or any of the parent directories): .git
OTA Updation success
Sun  6 Jan 06:59:01 IST 1980
fatal: Not a git repository (or any of the parent directories): .git
OTA Updation success
Sun  6 Jan 07:00:01 IST 1980
fatal: Not a git repository (or any of the parent directories): .git
OTA Updation success
Sun  6 Jan 07:01:02 IST 1980
fatal: Not a git repository (or any of the parent directories): .git
OTA Updation success
Sun  6 Jan 07:02:01 IST 1980
fatal: Not a git repository (or any of the parent directories): .git
OTA Updation success
Sun  6 Jan 07:03:01 IST 1980
fatal: Not a git repository (or any of the parent directories): .git
OTA Updation success
Sun  6 Jan 07:04:01 IST 1980
fatal: Not a git repository (or any of the parent directories): .git
OTA Updation success
Sun  6 Jan 07:05:01 IST 1980
fatal: Not a git repository (or any of the parent directories): .git
OTA Updation success
Sun  6 Jan 07:06:01 IST 1980
fatal: Not a git repository (or any of the parent directories): .git
OTA Updation success
Sun  6 Jan 07:07:01 IST 1980
fatal: Not a git repository (or any of the parent directories): .git
OTA Updation success
Sun  6 Jan 07:08:01 IST 1980
fatal: Not a git repository (or any of the parent directories): .git
OTA Updation success
Sun  6 Jan 07:09:01 IST 1980
fatal: Not a git repository (or any of the parent directories): .git
OTA Updation success
Sun  6 Jan 07:10:01 IST 1980
fatal: Not a git repository (or any of the parent directories): .git
OTA Updation success
Sun  6 Jan 07:11:02 IST 1980
fatal: Not a git repository (or any of the parent directories): .git
OTA Updation success
Sun  6 Jan 07:12:01 IST 1980
fatal: Not a git repository (or any of the parent directories): .git
OTA Updation success
Sun  6 Jan 07:13:01 IST 1980
fatal: Not a git repository (or any of the parent directories): .git
OTA Updation success
Sun  6 Jan 07:14:01 IST 1980
fatal: Not a git repository (or any of the parent directories): .git
OTA Updation success
Sun  6 Jan 07:15:01 IST 1980
fatal: Not a git repository (or any of the parent directories): .git
OTA Updation success
Sun  6 Jan 07:16:02 IST 1980
fatal: Not a git repository (or any of the parent directories): .git
OTA Updation success
Sun  6 Jan 07:17:01 IST 1980
fatal: Not a git repository (or any of the parent directories): .git
OTA Updation success
Sun  6 Jan 07:18:01 IST 1980
fatal: Not a git repository (or any of the parent directories): .git
OTA Updation success
Sun  6 Jan 07:19:01 IST 1980
fatal: Not a git repository (or any of the parent directories): .git
OTA Updation success
Sun  6 Jan 07:20:01 IST 1980
fatal: Not a git repository (or any of the parent directories): .git
OTA Updation success
Sun  6 Jan 07:21:02 IST 1980
fatal: Not a git repository (or any of the parent directories): .git
OTA Updation success
Sun  6 Jan 07:22:01 IST 1980
fatal: Not a git repository (or any of the parent directories): .git
OTA Updation success
Sun  6 Jan 07:23:01 IST 1980
fatal: Not a git repository (or any of the parent directories): .git
OTA Updation success
Sun  6 Jan 07:24:01 IST 1980
fatal: Not a git repository (or any of the parent directories): .git
OTA Updation success
Sun  6 Jan 07:25:01 IST 1980
fatal: Not a git repository (or any of the parent directories): .git
OTA Updation success
Sun  6 Jan 07:26:02 IST 1980
fatal: Not a git repository (or any of the parent directories): .git
OTA Updation success
Sun  6 Jan 07:27:01 IST 1980
fatal: Not a git repository (or any of the parent directories): .git
OTA Updation success
Sun  6 Jan 07:28:01 IST 1980
fatal: Not a git repository (or any of the parent directories): .git
OTA Updation success
Sun  6 Jan 07:29:01 IST 1980
fatal: Not a git repository (or any of the parent directories): .git
OTA Updation success
Sun  6 Jan 07:30:01 IST 1980
fatal: Not a git repository (or any of the parent directories): .git
OTA Updation success
Sun  6 Jan 07:31:01 IST 1980
fatal: Not a git repository (or any of the parent directories): .git
OTA Updation success
Sun  6 Jan 07:32:01 IST 1980
fatal: Not a git repository (or any of the parent directories): .git
OTA Updation success
Sun  6 Jan 07:33:01 IST 1980
fatal: Not a git repository (or any of the parent directories): .git
OTA Updation success
Sun  6 Jan 07:34:01 IST 1980
fatal: Not a git repository (or any of the parent directories): .git
OTA Updation success
Sun  6 Jan 07:35:01 IST 1980
fatal: Not a git repository (or any of the parent directories): .git
OTA Updation success
Sun  6 Jan 07:36:02 IST 1980
fatal: Not a git repository (or any of the parent directories): .git
OTA Updation success
Sun  6 Jan 07:37:01 IST 1980
fatal: Not a git repository (or any of the parent directories): .git
OTA Updation success
Sun  6 Jan 07:38:01 IST 1980
fatal: Not a git repository (or any of the parent directories): .git
OTA Updation success
Sun  6 Jan 07:39:01 IST 1980
fatal: Not a git repository (or any of the parent directories): .git
OTA Updation success
Sun  6 Jan 07:40:01 IST 1980
fatal: Not a git repository (or any of the parent directories): .git
OTA Updation success
Sun  6 Jan 07:41:02 IST 1980
fatal: Not a git repository (or any of the parent directories): .git
OTA Updation success
Sun  6 Jan 07:42:01 IST 1980
fatal: Not a git repository (or any of the parent directories): .git
OTA Updation success
Sun  6 Jan 07:43:01 IST 1980
fatal: Not a git repository (or any of the parent directories): .git
OTA Updation success
Sun  6 Jan 07:44:01 IST 1980
fatal: Not a git repository (or any of the parent directories): .git
OTA Updation success
Sun  6 Jan 07:45:01 IST 1980
fatal: Not a git repository (or any of the parent directories): .git
OTA Updation success
Sun  6 Jan 07:46:02 IST 1980
fatal: Not a git repository (or any of the parent directories): .git
OTA Updation success
Tue 26 Jun 10:18:01 IST 2018
fatal: Not a git repository (or any of the parent directories): .git
OTA Updation success
Sun  6 Jan 05:18:50 IST 1980
fatal: Not a git repository (or any of the parent directories): .git
OTA Updation success
Sun  6 Jan 05:19:01 IST 1980
fatal: Not a git repository (or any of the parent directories): .git
OTA Updation success
Sun  6 Jan 05:20:01 IST 1980
fatal: Not a git repository (or any of the parent directories): .git
OTA Updation success
Sun  6 Jan 05:21:02 IST 1980
fatal: Not a git repository (or any of the parent directories): .git
OTA Updation success
Sun  6 Jan 05:22:01 IST 1980
fatal: Not a git repository (or any of the parent directories): .git
OTA Updation success
Sun  6 Jan 05:23:01 IST 1980
fatal: Not a git repository (or any of the parent directories): .git
OTA Updation success
Sun  6 Jan 05:24:01 IST 1980
fatal: Not a git repository (or any of the parent directories): .git
OTA Updation success
Sun  6 Jan 05:25:01 IST 1980
fatal: Not a git repository (or any of the parent directories): .git
OTA Updation success
Sun  6 Jan 05:26:01 IST 1980
fatal: Not a git repository (or any of the parent directories): .git
OTA Updation success
Sun  6 Jan 05:27:01 IST 1980
fatal: Not a git repository (or any of the parent directories): .git
OTA Updation success
Sun  6 Jan 05:28:01 IST 1980
fatal: Not a git repository (or any of the parent directories): .git
OTA Updation success
Tue 26 Jun 10:18:01 IST 2018
fatal: Not a git repository (or any of the parent directories): .git
OTA Updation success
Sun  6 Jan 05:29:51 IST 1980
fatal: Not a git repository (or any of the parent directories): .git
OTA Updation success
Sun  6 Jan 05:30:01 IST 1980
fatal: Not a git repository (or any of the parent directories): .git
OTA Updation success
Sun  6 Jan 05:31:01 IST 1980
fatal: Not a git repository (or any of the parent directories): .git
OTA Updation success
Sun  6 Jan 05:32:01 IST 1980
fatal: Not a git repository (or any of the parent directories): .git
OTA Updation success
Sun  6 Jan 05:33:01 IST 1980
fatal: Not a git repository (or any of the parent directories): .git
OTA Updation success
Sun  6 Jan 05:34:01 IST 1980
fatal: Not a git repository (or any of the parent directories): .git
OTA Updation success
Fri 29 Jun 10:34:57 IST 2018
fatal: Not a git repository (or any of the parent directories): .git
OTA Updation success
Sun  6 Jan 05:35:03 IST 1980
fatal: Not a git repository (or any of the parent directories): .git
OTA Updation success
Sun  6 Jan 05:36:01 IST 1980
fatal: Not a git repository (or any of the parent directories): .git
OTA Updation success
